<?xml version="1.0" encoding="UTF-8"?>
<!-- Generated by org.testng.reporters.JUnitReportReporter -->
<testsuite hostname="LAPTOP-Q4LION55" failures="0" tests="1" name="cucumberOptions.TestNGRunner" time="45.037" errors="0" timestamp="2024-01-14T13:00:59 IST" skipped="0">
  <testcase classname="cucumberOptions.TestNGRunner" name="runScenario" time="45.037"/>
</testsuite> <!-- cucumberOptions.TestNGRunner -->
